{
  "RSpec": {
    "coverage": {
      "/media/mifrill/236bf183-17ec-4844-aea7-e9418f4b1cea1/source/webserver_log_parser/lib/webserver_log_parser/aggregator/app.rb": {
        "lines": [
          1,
          1,
          1,
          1,
          null,
          null,
          1,
          null,
          null,
          null,
          null,
          null,
          1,
          null,
          1,
          1,
          null,
          null,
          1,
          1,
          null,
          null,
          null,
          null
        ]
      },
      "/media/mifrill/236bf183-17ec-4844-aea7-e9418f4b1cea1/source/webserver_log_parser/lib/webserver_log_parser/app.rb": {
        "lines": [
          1,
          null,
          1,
          1,
          1,
          null,
          null,
          null,
          null,
          null,
          null,
          2,
          2,
          2,
          2,
          2,
          null,
          null,
          1,
          2,
          null,
          1,
          null,
          null,
          1,
          null,
          1,
          2,
          1,
          1,
          1,
          1,
          null,
          null,
          null,
          null,
          null,
          null,
          1,
          null,
          null,
          null,
          null,
          null,
          null
        ]
      },
      "/media/mifrill/236bf183-17ec-4844-aea7-e9418f4b1cea1/source/webserver_log_parser/lib/webserver_log_parser/exceptions.rb": {
        "lines": [
          1,
          null,
          1,
          1,
          1,
          1,
          1,
          null,
          null,
          null,
          1,
          1,
          1,
          null,
          null,
          null,
          1,
          1,
          1,
          null,
          null,
          null,
          null,
          1,
          1,
          1,
          null,
          null,
          null,
          1,
          1,
          null,
          null,
          null
        ]
      },
      "/media/mifrill/236bf183-17ec-4844-aea7-e9418f4b1cea1/source/webserver_log_parser/lib/webserver_log_parser/cli/app.rb": {
        "lines": [
          1,
          null,
          1,
          1,
          1,
          1,
          null,
          1,
          3,
          null,
          null,
          null,
          null
        ]
      },
      "/media/mifrill/236bf183-17ec-4844-aea7-e9418f4b1cea1/source/webserver_log_parser/lib/webserver_log_parser/cli/validator.rb": {
        "lines": [
          1,
          null,
          1,
          1,
          1,
          1,
          3,
          2,
          null,
          1,
          null,
          null,
          null,
          null
        ]
      },
      "/media/mifrill/236bf183-17ec-4844-aea7-e9418f4b1cea1/source/webserver_log_parser/lib/webserver_log_parser/presenter/app.rb": {
        "lines": [
          1,
          null,
          1,
          1,
          1,
          1,
          2,
          null,
          null,
          1,
          1,
          1,
          null,
          null,
          null,
          1,
          null,
          null,
          null,
          null,
          null,
          1,
          null,
          1,
          null,
          null,
          null
        ]
      },
      "/media/mifrill/236bf183-17ec-4844-aea7-e9418f4b1cea1/source/webserver_log_parser/lib/webserver_log_parser/presenter/console.rb": {
        "lines": [
          1,
          1,
          1,
          1,
          3,
          3,
          null,
          null,
          1,
          3,
          4,
          null,
          null,
          null,
          1,
          null,
          1,
          null,
          1,
          4,
          null,
          null,
          null,
          null
        ]
      },
      "/media/mifrill/236bf183-17ec-4844-aea7-e9418f4b1cea1/source/webserver_log_parser/lib/webserver_log_parser/source/app.rb": {
        "lines": [
          1,
          null,
          1,
          1,
          1,
          1,
          2,
          null,
          null,
          1,
          1,
          null,
          null,
          1,
          null,
          1,
          null,
          null,
          null
        ]
      },
      "/media/mifrill/236bf183-17ec-4844-aea7-e9418f4b1cea1/source/webserver_log_parser/lib/webserver_log_parser/source/file_reader.rb": {
        "lines": [
          1,
          null,
          1,
          1,
          1,
          1,
          4,
          null,
          3,
          2,
          null,
          1,
          null,
          4,
          null,
          null,
          null,
          null
        ]
      },
      "/media/mifrill/236bf183-17ec-4844-aea7-e9418f4b1cea1/source/webserver_log_parser/lib/webserver_log_parser/store/app.rb": {
        "lines": [
          1,
          null,
          1,
          1,
          1,
          1,
          2,
          null,
          null,
          1,
          1,
          1,
          1,
          null,
          null,
          1,
          null,
          1,
          null,
          1,
          1,
          2,
          2,
          null,
          null,
          null,
          null,
          null
        ]
      },
      "/media/mifrill/236bf183-17ec-4844-aea7-e9418f4b1cea1/source/webserver_log_parser/lib/webserver_log_parser/store/db.rb": {
        "lines": [
          1,
          null,
          1,
          1,
          1,
          1,
          4,
          null,
          null,
          1,
          3,
          3,
          null,
          null,
          1,
          1,
          null,
          null,
          1,
          null,
          1,
          null,
          1,
          3,
          3,
          3,
          3,
          null,
          3,
          null,
          null,
          null,
          null
        ]
      },
      "/media/mifrill/236bf183-17ec-4844-aea7-e9418f4b1cea1/source/webserver_log_parser/lib/webserver_log_parser/store/models/webserver_view.rb": {
        "lines": [
          1,
          1,
          1,
          1,
          1,
          1,
          3,
          null,
          null,
          1,
          3,
          3,
          null,
          null,
          null,
          1,
          2,
          null,
          null,
          null,
          1,
          18,
          18,
          18,
          null,
          null,
          null,
          null,
          null
        ]
      }
    },
    "timestamp": 1628694394
  }
}
